Интерфейс "AGAT::iEditRKMParts" - не освобождено ссылок: 1
Интерфейс "F_AN::oKatKAUEdit" - не освобождено ссылок: 1
Интерфейс "F_BUHREP::PickBuh" - не освобождено ссылок: 1
Интерфейс "F_GETAN::GetKau" - не освобождено ссылок: 2
Интерфейс "F_OFP::iOfpDocsNastr" - не освобождено ссылок: 1
Интерфейс "F_OFP::iOfpOut_Eval_01" - не освобождено ссылок: 1
Интерфейс "F_SOPRHOZ::SHManager" - не освобождено ссылок: 3
Интерфейс "F_TXO::TxoBinder" - не освобождено ссылок: 1
Интерфейс "M_MNPLAN::Account_PL" - не освобождено ссылок: 2
Интерфейс "M_MNPLAN::CommonFunAlg" - не освобождено ссылок: 6
Интерфейс "M_MNPLAN::DecodeFun" - не освобождено ссылок: 1
Интерфейс "M_MNPLAN::DocConformity_Base" - не освобождено ссылок: 1
Интерфейс "M_MNPLAN::DocMemo" - не освобождено ссылок: 1
Интерфейс "M_MNPLAN::DocSpecFltr" - не освобождено ссылок: 1
Интерфейс "M_MNPLAN::EDParam_01" - не освобождено ссылок: 1
Интерфейс "M_MNPLAN::EnvironmentVip" - не освобождено ссылок: 1
Интерфейс "M_MnPlan::GetCfgParams" - не освобождено ссылок: 1
Интерфейс "M_MNPLAN::GetNastr" - не освобождено ссылок: 7
Интерфейс "M_MNPLAN::GetNKau" - не освобождено ссылок: 1
Интерфейс "M_MNPLAN::GlobDataSource" - не освобождено ссылок: 2
Интерфейс "M_MnPlan::iAlgFldSys_15" - не освобождено ссылок: 1
Интерфейс "M_MnPlan::iAlgFldSys_29" - не освобождено ссылок: 1
Интерфейс "M_MNPLAN::iCalcFldPlan" - не освобождено ссылок: 2
Интерфейс "M_MNPLAN::iCalcFldSys" - не освобождено ссылок: 2
Интерфейс "M_MNPLAN::iCalcMnPlan" - не освобождено ссылок: 1
Интерфейс "M_MNPLAN::iCmnKPN" - не освобождено ссылок: 1
Интерфейс "M_MNPLAN::iDocumEdit" - не освобождено ссылок: 1
Интерфейс "M_MNPLAN::iFindND_CF" - не освобождено ссылок: 4
Интерфейс "M_MNPLAN::iFltrMnPlan" - не освобождено ссылок: 3
Интерфейс "M_MNPLAN::iFuncDateTime" - не освобождено ссылок: 3
Интерфейс "M_MNPLAN::iGLinkedName_CF" - не освобождено ссылок: 1
Интерфейс "M_MnPlan::iInterfSys_505" - не освобождено ссылок: 1
Интерфейс "M_MNPLAN::iKAU_CF" - не освобождено ссылок: 1
Интерфейс "M_MNPLAN::iKPN_CMN" - не освобождено ссылок: 1
Интерфейс "M_MNPLAN::iListAn" - не освобождено ссылок: 1
Интерфейс "M_MNPLAN::iMNFRegDoc" - не освобождено ссылок: 2
Интерфейс "M_MNPLAN::iMNFRegHistory" - не освобождено ссылок: 3
Интерфейс "M_MNPLAN::iMNFRegPos" - не освобождено ссылок: 1
Интерфейс "M_MNPLAN::iMNFRegRsvOper" - не освобождено ссылок: 1
Интерфейс "M_MNPLAN::iMnPlanEdit" - не освобождено ссылок: 1
Интерфейс "M_MNPLAN::insTblSource" - не освобождено ссылок: 2
Интерфейс "M_MNPLAN::iParamEdit" - не освобождено ссылок: 1
Интерфейс "M_MNPLAN::iParamEdit1" - не освобождено ссылок: 2
Интерфейс "M_MNPLAN::iParamEdit2" - не освобождено ссылок: 1
Интерфейс "M_MNPLAN::iParamEdit3" - не освобождено ссылок: 3
Интерфейс "M_MNPLAN::iParamLink" - не освобождено ссылок: 5
Интерфейс "M_MNPLAN::iProtPlan_CF" - не освобождено ссылок: 3
Интерфейс "M_MNPLAN::iRARSDisp" - не освобождено ссылок: 1
Интерфейс "M_MNPLAN::iReglDocSp" - не освобождено ссылок: 1
Интерфейс "M_MNPLAN::irMnPlan" - не освобождено ссылок: 1
Интерфейс "M_MNPLAN::irSpMnPlan" - не освобождено ссылок: 1
Интерфейс "M_MNPLAN::iRunAlgPlan" - не освобождено ссылок: 2
Интерфейс "M_MNPLAN::iSetGetParam" - не освобождено ссылок: 1
Интерфейс "M_MnPlan::ispsppl01" - не освобождено ссылок: 1
Интерфейс "M_MNPLAN::iSteckAn" - не освобождено ссылок: 7
Интерфейс "M_MNPLAN::iTypeObj" - не освобождено ссылок: 1
Интерфейс "M_MNPLAN::iUse_sFilters" - не освобождено ссылок: 2
Интерфейс "M_MNPLAN::iVidBrows" - не освобождено ссылок: 1
Интерфейс "M_MNPLAN::iVidScr1" - не освобождено ссылок: 1
Интерфейс "M_MNPLAN::loadMnPlan" - не освобождено ссылок: 1
Интерфейс "M_MNPLAN::MnPlDisp" - не освобождено ссылок: 1
Интерфейс "M_MNPLAN::oInsertAllVtHor" - не освобождено ссылок: 1
Интерфейс "M_MnPlan::oNastrVid" - не освобождено ссылок: 1
Интерфейс "M_MNPLAN::RsvOperObj" - не освобождено ссылок: 1
Интерфейс "M_MNPLAN::RsvRegObj" - не освобождено ссылок: 1
Интерфейс "M_MNPLAN::SetGetVidSource" - не освобождено ссылок: 1
Интерфейс "M_MNPLAN::SpecFltrIntrf" - не освобождено ссылок: 3
Интерфейс "M_MNPLAN::Steck" - не освобождено ссылок: 2
Интерфейс "M_MNPLAN::SteckString" - не освобождено ссылок: 4
Интерфейс "M_MnPlan::SteckTStrAndNum" - не освобождено ссылок: 21
Интерфейс "M_MnPlan::Util_FpPeriodSource" - не освобождено ссылок: 1
Интерфейс "M_MNPLAN::Util_PerSource" - не освобождено ссылок: 1
Интерфейс "M_MNPLAN::Util_Service" - не освобождено ссылок: 2
Интерфейс "M_MNPLAN::WorkWithKAU" - не освобождено ссылок: 2
Интерфейс "M_SCRIPTS::iJSWork" - не освобождено ссылок: 2
Интерфейс "M_TPP::iGetVal" - не освобождено ссылок: 3
Интерфейс "M_TPP::iHistXC" - не освобождено ссылок: 3
Интерфейс "M_TPP::iParSrv" - не освобождено ссылок: 3
Интерфейс "M_TPP::iPotrEx" - не освобождено ссылок: 1
Интерфейс "M_TPP::iPotrMS" - не освобождено ссылок: 1
Интерфейс "M_TPP::iPotrPS" - не освобождено ссылок: 1
Интерфейс "M_TPP::iPotrTM" - не освобождено ссылок: 2
Интерфейс "AGAT::iEditRKMParts" - не освобождено ссылок: 1
Интерфейс "C_EXTCLASS::iExtAttr" - не освобождено ссылок: 1
Интерфейс "C_EXTCLASS::iExtClass" - не освобождено ссылок: 1
Интерфейс "F_EXTAN::EditKauReff" - не освобождено ссылок: 1
Интерфейс "F_FPOBOROT::ObjFpOborot" - не освобождено ссылок: 1
Интерфейс "F_FPOBOROT::vExtFpOborotSoprHoz" - не освобождено ссылок: 1
Интерфейс "F_GETAN::GetKau" - не освобождено ссылок: 2
Интерфейс "F_OFP::iOfpDocsNastr" - не освобождено ссылок: 1
Интерфейс "F_OFP::iOfpOut_Eval_01" - не освобождено ссылок: 1
Интерфейс "F_SOPRHOZ::SHManager" - не освобождено ссылок: 3
Интерфейс "F_TXO::TxoBinder" - не освобождено ссылок: 1
Интерфейс "F_TXO::TxoUserUnbinder" - не освобождено ссылок: 1
Интерфейс "L_COMMON::vipStatLog" - не освобождено ссылок: 1
Интерфейс "Marker" - не освобождено ссылок: 1
Интерфейс "M_MNPLAN::Account_PL" - не освобождено ссылок: 2
Интерфейс "M_MNPLAN::CommonFunAlg" - не освобождено ссылок: 6
Интерфейс "M_MNPLAN::DecodeFun" - не освобождено ссылок: 1
Интерфейс "M_MNPLAN::DocConformity_Base" - не освобождено ссылок: 1
Интерфейс "M_MNPLAN::DocMemo" - не освобождено ссылок: 1
Интерфейс "M_MNPLAN::DocSpecFltr" - не освобождено ссылок: 1
Интерфейс "M_MNPLAN::EDParam_01" - не освобождено ссылок: 1
Интерфейс "M_MNPLAN::EnvironmentVip" - не освобождено ссылок: 1
Интерфейс "M_MnPlan::GetCfgParams" - не освобождено ссылок: 1
Интерфейс "M_MNPLAN::GetNastr" - не освобождено ссылок: 7
Интерфейс "M_MNPLAN::GetNKau" - не освобождено ссылок: 1
Интерфейс "M_MNPLAN::GlobDataSource" - не освобождено ссылок: 2
Интерфейс "M_MnPlan::iAlgFldSys_15" - не освобождено ссылок: 1
Интерфейс "M_MnPlan::iAlgFldSys_29" - не освобождено ссылок: 1
Интерфейс "M_MNPLAN::iCalcFldPlan" - не освобождено ссылок: 2
Интерфейс "M_MNPLAN::iCalcFldSys" - не освобождено ссылок: 2
Интерфейс "M_MNPLAN::iCalcMnPlan" - не освобождено ссылок: 1
Интерфейс "M_MNPLAN::iCmnKPN" - не освобождено ссылок: 1
Интерфейс "M_MNPLAN::iDocumEdit" - не освобождено ссылок: 1
Интерфейс "M_MNPLAN::iFindND_CF" - не освобождено ссылок: 4
Интерфейс "M_MNPLAN::iFltrMnPlan" - не освобождено ссылок: 3
Интерфейс "M_MNPLAN::iFuncDateTime" - не освобождено ссылок: 3
Интерфейс "M_MNPLAN::iGLinkedName_CF" - не освобождено ссылок: 1
Интерфейс "M_MnPlan::iInterfSys_505" - не освобождено ссылок: 1
Интерфейс "M_MNPLAN::iKAU_CF" - не освобождено ссылок: 1
Интерфейс "M_MNPLAN::iKPN_CMN" - не освобождено ссылок: 1
Интерфейс "M_MNPLAN::iListAn" - не освобождено ссылок: 1
Интерфейс "M_MNPLAN::iMNFRegDoc" - не освобождено ссылок: 2
Интерфейс "M_MNPLAN::iMNFRegHistory" - не освобождено ссылок: 3
Интерфейс "M_MNPLAN::iMNFRegPos" - не освобождено ссылок: 1
Интерфейс "M_MNPLAN::iMNFRegRsvOper" - не освобождено ссылок: 1
Интерфейс "M_MNPLAN::iMnPlanEdit" - не освобождено ссылок: 1
Интерфейс "M_MNPLAN::insTblSource" - не освобождено ссылок: 2
Интерфейс "M_MNPLAN::iParamEdit" - не освобождено ссылок: 1
Интерфейс "M_MNPLAN::iParamEdit1" - не освобождено ссылок: 2
Интерфейс "M_MNPLAN::iParamEdit2" - не освобождено ссылок: 1
Интерфейс "M_MNPLAN::iParamEdit3" - не освобождено ссылок: 3
Интерфейс "M_MNPLAN::iParamLink" - не освобождено ссылок: 5
Интерфейс "M_MNPLAN::iProtPlan_CF" - не освобождено ссылок: 3
Интерфейс "M_MNPLAN::iRARSDisp" - не освобождено ссылок: 1
Интерфейс "M_MNPLAN::iReglDocSp" - не освобождено ссылок: 1
Интерфейс "M_MNPLAN::irMnPlan" - не освобождено ссылок: 1
Интерфейс "M_MNPLAN::irSpMnPlan" - не освобождено ссылок: 1
Интерфейс "M_MNPLAN::iRunAlgPlan" - не освобождено ссылок: 2
Интерфейс "M_MNPLAN::iSetGetParam" - не освобождено ссылок: 1
Интерфейс "M_MnPlan::ispsppl01" - не освобождено ссылок: 1
Интерфейс "M_MNPLAN::iSteckAn" - не освобождено ссылок: 7
Интерфейс "M_MNPLAN::iTypeObj" - не освобождено ссылок: 1
Интерфейс "M_MNPLAN::iUse_sFilters" - не освобождено ссылок: 2
Интерфейс "M_MNPLAN::iVidBrows" - не освобождено ссылок: 1
Интерфейс "M_MNPLAN::iVidScr1" - не освобождено ссылок: 1
Интерфейс "M_MNPLAN::loadMnPlan" - не освобождено ссылок: 1
Интерфейс "M_MNPLAN::MnPlDisp" - не освобождено ссылок: 1
Интерфейс "M_MNPLAN::oInsertAllVtHor" - не освобождено ссылок: 1
Интерфейс "M_MnPlan::oNastrVid" - не освобождено ссылок: 1
Интерфейс "M_MNPLAN::RsvOperObj" - не освобождено ссылок: 1
Интерфейс "M_MNPLAN::RsvRegObj" - не освобождено ссылок: 1
Интерфейс "M_MNPLAN::SetGetVidSource" - не освобождено ссылок: 1
Интерфейс "M_MNPLAN::SpecFltrIntrf" - не освобождено ссылок: 3
Интерфейс "M_MNPLAN::Steck" - не освобождено ссылок: 2
Интерфейс "M_MNPLAN::SteckString" - не освобождено ссылок: 4
Интерфейс "M_MnPlan::SteckTStrAndNum" - не освобождено ссылок: 21
Интерфейс "M_MnPlan::Util_FpPeriodSource" - не освобождено ссылок: 1
Интерфейс "M_MNPLAN::Util_PerSource" - не освобождено ссылок: 1
Интерфейс "M_MNPLAN::Util_Service" - не освобождено ссылок: 2
Интерфейс "M_MNPLAN::WorkWithKAU" - не освобождено ссылок: 2
Интерфейс "M_SCRIPTS::iJSWork" - не освобождено ссылок: 2
Интерфейс "M_TPP::iGetVal" - не освобождено ссылок: 3
Интерфейс "M_TPP::iHistXC" - не освобождено ссылок: 3
Интерфейс "M_TPP::iParSrv" - не освобождено ссылок: 3
Интерфейс "M_TPP::iPotrEx" - не освобождено ссылок: 1
Интерфейс "M_TPP::iPotrMS" - не освобождено ссылок: 1
Интерфейс "M_TPP::iPotrPS" - не освобождено ссылок: 1
Интерфейс "M_TPP::iPotrTM" - не освобождено ссылок: 2
Интерфейс "AGAT::iEditRKMParts" - не освобождено ссылок: 1
Интерфейс "F_GETAN::GetKau" - не освобождено ссылок: 2
Интерфейс "F_SOPRHOZ::SHManager" - не освобождено ссылок: 3
Интерфейс "M_MNPLAN::Account_PL" - не освобождено ссылок: 2
Интерфейс "M_MNPLAN::CommonFunAlg" - не освобождено ссылок: 6
Интерфейс "M_MNPLAN::DecodeFun" - не освобождено ссылок: 1
Интерфейс "M_MNPLAN::DocConformity_Base" - не освобождено ссылок: 1
Интерфейс "M_MNPLAN::DocMemo" - не освобождено ссылок: 1
Интерфейс "M_MNPLAN::DocSpecFltr" - не освобождено ссылок: 1
Интерфейс "M_MNPLAN::EDParam_01" - не освобождено ссылок: 1
Интерфейс "M_MNPLAN::EnvironmentVip" - не освобождено ссылок: 1
Интерфейс "M_MnPlan::GetCfgParams" - не освобождено ссылок: 1
Интерфейс "M_MNPLAN::GetNastr" - не освобождено ссылок: 6
Интерфейс "M_MNPLAN::GetNKau" - не освобождено ссылок: 1
Интерфейс "M_MNPLAN::GlobDataSource" - не освобождено ссылок: 2
Интерфейс "M_MnPlan::iAlgFldSys_15" - не освобождено ссылок: 1
Интерфейс "M_MnPlan::iAlgFldSys_29" - не освобождено ссылок: 1
Интерфейс "M_MNPLAN::iCalcFldPlan" - не освобождено ссылок: 2
Интерфейс "M_MNPLAN::iCalcFldSys" - не освобождено ссылок: 2
Интерфейс "M_MNPLAN::iCalcMnPlan" - не освобождено ссылок: 1
Интерфейс "M_MNPLAN::iCmnKPN" - не освобождено ссылок: 1
Интерфейс "M_MNPLAN::iDocumEdit" - не освобождено ссылок: 1
Интерфейс "M_MNPLAN::iFindND_CF" - не освобождено ссылок: 4
Интерфейс "M_MNPLAN::iFltrMnPlan" - не освобождено ссылок: 3
Интерфейс "M_MNPLAN::iFuncDateTime" - не освобождено ссылок: 3
Интерфейс "M_MNPLAN::iGLinkedName_CF" - не освобождено ссылок: 1
Интерфейс "M_MnPlan::iInterfSys_505" - не освобождено ссылок: 1
Интерфейс "M_MNPLAN::iKAU_CF" - не освобождено ссылок: 1
Интерфейс "M_MNPLAN::iKPN_CMN" - не освобождено ссылок: 1
Интерфейс "M_MNPLAN::iListAn" - не освобождено ссылок: 1
Интерфейс "M_MNPLAN::iMNFRegDoc" - не освобождено ссылок: 2
Интерфейс "M_MNPLAN::iMNFRegHistory" - не освобождено ссылок: 3
Интерфейс "M_MNPLAN::iMNFRegPos" - не освобождено ссылок: 1
Интерфейс "M_MNPLAN::iMNFRegRsvOper" - не освобождено ссылок: 1
Интерфейс "M_MNPLAN::iMnPlanEdit" - не освобождено ссылок: 1
Интерфейс "M_MNPLAN::insTblSource" - не освобождено ссылок: 2
Интерфейс "M_MNPLAN::iParamEdit" - не освобождено ссылок: 1
Интерфейс "M_MNPLAN::iParamEdit1" - не освобождено ссылок: 2
Интерфейс "M_MNPLAN::iParamEdit2" - не освобождено ссылок: 1
Интерфейс "M_MNPLAN::iParamEdit3" - не освобождено ссылок: 3
Интерфейс "M_MNPLAN::iParamLink" - не освобождено ссылок: 5
Интерфейс "M_MNPLAN::iProtPlan_CF" - не освобождено ссылок: 3
Интерфейс "M_MNPLAN::iRARSDisp" - не освобождено ссылок: 1
Интерфейс "M_MNPLAN::iReglDocSp" - не освобождено ссылок: 1
Интерфейс "M_MNPLAN::irMnPlan" - не освобождено ссылок: 1
Интерфейс "M_MNPLAN::irSpMnPlan" - не освобождено ссылок: 1
Интерфейс "M_MNPLAN::iRunAlgPlan" - не освобождено ссылок: 2
Интерфейс "M_MNPLAN::iSetGetParam" - не освобождено ссылок: 1
Интерфейс "M_MnPlan::ispsppl01" - не освобождено ссылок: 1
Интерфейс "M_MNPLAN::iSteckAn" - не освобождено ссылок: 7
Интерфейс "M_MNPLAN::iTypeObj" - не освобождено ссылок: 1
Интерфейс "M_MNPLAN::iUse_sFilters" - не освобождено ссылок: 2
Интерфейс "M_MNPLAN::iVidBrows" - не освобождено ссылок: 1
Интерфейс "M_MNPLAN::iVidScr1" - не освобождено ссылок: 1
Интерфейс "M_MNPLAN::loadMnPlan" - не освобождено ссылок: 1
Интерфейс "M_MNPLAN::MnPlDisp" - не освобождено ссылок: 1
Интерфейс "M_MNPLAN::oInsertAllVtHor" - не освобождено ссылок: 1
Интерфейс "M_MnPlan::oNastrVid" - не освобождено ссылок: 1
Интерфейс "M_MNPLAN::RsvOperObj" - не освобождено ссылок: 1
Интерфейс "M_MNPLAN::RsvRegObj" - не освобождено ссылок: 1
Интерфейс "M_MNPLAN::SetGetVidSource" - не освобождено ссылок: 1
Интерфейс "M_MNPLAN::SpecFltrIntrf" - не освобождено ссылок: 3
Интерфейс "M_MNPLAN::Steck" - не освобождено ссылок: 2
Интерфейс "M_MNPLAN::SteckString" - не освобождено ссылок: 4
Интерфейс "M_MnPlan::SteckTStrAndNum" - не освобождено ссылок: 18
Интерфейс "M_MnPlan::Util_FpPeriodSource" - не освобождено ссылок: 1
Интерфейс "M_MNPLAN::Util_PerSource" - не освобождено ссылок: 1
Интерфейс "M_MNPLAN::Util_Service" - не освобождено ссылок: 2
Интерфейс "M_MNPLAN::WorkWithKAU" - не освобождено ссылок: 2
Интерфейс "M_SCRIPTS::iJSWork" - не освобождено ссылок: 2
Интерфейс "M_TPP::iGetVal" - не освобождено ссылок: 3
Интерфейс "M_TPP::iHistXC" - не освобождено ссылок: 3
Интерфейс "M_TPP::iParSrv" - не освобождено ссылок: 3
Интерфейс "M_TPP::iPotrEx" - не освобождено ссылок: 1
Интерфейс "M_TPP::iPotrMS" - не освобождено ссылок: 1
Интерфейс "M_TPP::iPotrPS" - не освобождено ссылок: 1
Интерфейс "M_TPP::iPotrTM" - не освобождено ссылок: 2
Интерфейс "AGAT::iEditRKMParts" - не освобождено ссылок: 1
Интерфейс "F_GETAN::GetKau" - не освобождено ссылок: 2
Интерфейс "F_OFP::iOfpDocsNastr" - не освобождено ссылок: 1
Интерфейс "F_OFP::iOfpOut_Eval_01" - не освобождено ссылок: 1
Интерфейс "F_SOPRHOZ::SHManager" - не освобождено ссылок: 3
Интерфейс "F_TXO::TxoBinder" - не освобождено ссылок: 1
Интерфейс "M_MNPLAN::Account_PL" - не освобождено ссылок: 2
Интерфейс "M_MNPLAN::CommonFunAlg" - не освобождено ссылок: 6
Интерфейс "M_MNPLAN::DecodeFun" - не освобождено ссылок: 1
Интерфейс "M_MNPLAN::DocConformity_Base" - не освобождено ссылок: 1
Интерфейс "M_MNPLAN::DocMemo" - не освобождено ссылок: 1
Интерфейс "M_MNPLAN::DocSpecFltr" - не освобождено ссылок: 1
Интерфейс "M_MNPLAN::EDParam_01" - не освобождено ссылок: 1
Интерфейс "M_MNPLAN::EnvironmentVip" - не освобождено ссылок: 1
Интерфейс "M_MnPlan::GetCfgParams" - не освобождено ссылок: 1
Интерфейс "M_MNPLAN::GetNastr" - не освобождено ссылок: 7
Интерфейс "M_MNPLAN::GetNKau" - не освобождено ссылок: 1
Интерфейс "M_MNPLAN::GlobDataSource" - не освобождено ссылок: 2
Интерфейс "M_MnPlan::iAlgFldSys_15" - не освобождено ссылок: 1
Интерфейс "M_MnPlan::iAlgFldSys_29" - не освобождено ссылок: 1
Интерфейс "M_MNPLAN::iCalcFldPlan" - не освобождено ссылок: 2
Интерфейс "M_MNPLAN::iCalcFldSys" - не освобождено ссылок: 2
Интерфейс "M_MNPLAN::iCalcMnPlan" - не освобождено ссылок: 1
Интерфейс "M_MNPLAN::iCmnKPN" - не освобождено ссылок: 1
Интерфейс "M_MNPLAN::iDocumEdit" - не освобождено ссылок: 1
Интерфейс "M_MNPLAN::iFindND_CF" - не освобождено ссылок: 4
Интерфейс "M_MNPLAN::iFltrMnPlan" - не освобождено ссылок: 3
Интерфейс "M_MNPLAN::iFuncDateTime" - не освобождено ссылок: 3
Интерфейс "M_MNPLAN::iGLinkedName_CF" - не освобождено ссылок: 1
Интерфейс "M_MnPlan::iInterfSys_505" - не освобождено ссылок: 1
Интерфейс "M_MNPLAN::iKAU_CF" - не освобождено ссылок: 1
Интерфейс "M_MNPLAN::iKPN_CMN" - не освобождено ссылок: 1
Интерфейс "M_MNPLAN::iListAn" - не освобождено ссылок: 1
Интерфейс "M_MNPLAN::iMNFRegDoc" - не освобождено ссылок: 2
Интерфейс "M_MNPLAN::iMNFRegHistory" - не освобождено ссылок: 3
Интерфейс "M_MNPLAN::iMNFRegPos" - не освобождено ссылок: 1
Интерфейс "M_MNPLAN::iMNFRegRsvOper" - не освобождено ссылок: 1
Интерфейс "M_MNPLAN::iMnPlanEdit" - не освобождено ссылок: 1
Интерфейс "M_MNPLAN::insTblSource" - не освобождено ссылок: 2
Интерфейс "M_MNPLAN::iParamEdit" - не освобождено ссылок: 1
Интерфейс "M_MNPLAN::iParamEdit1" - не освобождено ссылок: 2
Интерфейс "M_MNPLAN::iParamEdit2" - не освобождено ссылок: 1
Интерфейс "M_MNPLAN::iParamEdit3" - не освобождено ссылок: 3
Интерфейс "M_MNPLAN::iParamLink" - не освобождено ссылок: 5
Интерфейс "M_MNPLAN::iProtPlan_CF" - не освобождено ссылок: 3
Интерфейс "M_MNPLAN::iRARSDisp" - не освобождено ссылок: 1
Интерфейс "M_MNPLAN::iReglDocSp" - не освобождено ссылок: 1
Интерфейс "M_MNPLAN::irMnPlan" - не освобождено ссылок: 1
Интерфейс "M_MNPLAN::irSpMnPlan" - не освобождено ссылок: 1
Интерфейс "M_MNPLAN::iRunAlgPlan" - не освобождено ссылок: 2
Интерфейс "M_MNPLAN::iSetGetParam" - не освобождено ссылок: 1
Интерфейс "M_MnPlan::ispsppl01" - не освобождено ссылок: 1
Интерфейс "M_MNPLAN::iSteckAn" - не освобождено ссылок: 7
Интерфейс "M_MNPLAN::iTypeObj" - не освобождено ссылок: 1
Интерфейс "M_MNPLAN::iUse_sFilters" - не освобождено ссылок: 2
Интерфейс "M_MNPLAN::iVidBrows" - не освобождено ссылок: 1
Интерфейс "M_MNPLAN::iVidScr1" - не освобождено ссылок: 1
Интерфейс "M_MNPLAN::loadMnPlan" - не освобождено ссылок: 1
Интерфейс "M_MNPLAN::MnPlDisp" - не освобождено ссылок: 1
Интерфейс "M_MNPLAN::oInsertAllVtHor" - не освобождено ссылок: 1
Интерфейс "M_MnPlan::oNastrVid" - не освобождено ссылок: 1
Интерфейс "M_MNPLAN::RsvOperObj" - не освобождено ссылок: 1
Интерфейс "M_MNPLAN::RsvRegObj" - не освобождено ссылок: 1
Интерфейс "M_MNPLAN::SetGetVidSource" - не освобождено ссылок: 1
Интерфейс "M_MNPLAN::SpecFltrIntrf" - не освобождено ссылок: 3
Интерфейс "M_MNPLAN::Steck" - не освобождено ссылок: 2
Интерфейс "M_MNPLAN::SteckString" - не освобождено ссылок: 4
Интерфейс "M_MnPlan::SteckTStrAndNum" - не освобождено ссылок: 21
Интерфейс "M_MnPlan::Util_FpPeriodSource" - не освобождено ссылок: 1
Интерфейс "M_MNPLAN::Util_PerSource" - не освобождено ссылок: 1
Интерфейс "M_MNPLAN::Util_Service" - не освобождено ссылок: 2
Интерфейс "M_MNPLAN::WorkWithKAU" - не освобождено ссылок: 2
Интерфейс "M_SCRIPTS::iJSWork" - не освобождено ссылок: 2
Интерфейс "M_TPP::iGetVal" - не освобождено ссылок: 3
Интерфейс "M_TPP::iHistXC" - не освобождено ссылок: 3
Интерфейс "M_TPP::iParSrv" - не освобождено ссылок: 3
Интерфейс "M_TPP::iPotrEx" - не освобождено ссылок: 1
Интерфейс "M_TPP::iPotrMS" - не освобождено ссылок: 1
Интерфейс "M_TPP::iPotrPS" - не освобождено ссылок: 1
Интерфейс "M_TPP::iPotrTM" - не освобождено ссылок: 2
Интерфейс "AGAT::iEditRKMParts" - не освобождено ссылок: 1
Интерфейс "F_GETAN::GetKau" - не освобождено ссылок: 2
Интерфейс "F_SOPRHOZ::SHManager" - не освобождено ссылок: 3
Интерфейс "F_TXO::TxoBinder" - не освобождено ссылок: 1
Интерфейс "M_MNPLAN::Account_PL" - не освобождено ссылок: 2
Интерфейс "M_MNPLAN::CommonFunAlg" - не освобождено ссылок: 6
Интерфейс "M_MNPLAN::DecodeFun" - не освобождено ссылок: 1
Интерфейс "M_MNPLAN::DocConformity_Base" - не освобождено ссылок: 1
Интерфейс "M_MNPLAN::DocMemo" - не освобождено ссылок: 1
Интерфейс "M_MNPLAN::DocSpecFltr" - не освобождено ссылок: 1
Интерфейс "M_MNPLAN::EDParam_01" - не освобождено ссылок: 1
Интерфейс "M_MNPLAN::EnvironmentVip" - не освобождено ссылок: 1
Интерфейс "M_MnPlan::GetCfgParams" - не освобождено ссылок: 1
Интерфейс "M_MNPLAN::GetNastr" - не освобождено ссылок: 7
Интерфейс "M_MNPLAN::GetNKau" - не освобождено ссылок: 1
Интерфейс "M_MNPLAN::GlobDataSource" - не освобождено ссылок: 2
Интерфейс "M_MnPlan::iAlgFldSys_15" - не освобождено ссылок: 1
Интерфейс "M_MnPlan::iAlgFldSys_29" - не освобождено ссылок: 1
Интерфейс "M_MNPLAN::iCalcFldPlan" - не освобождено ссылок: 2
Интерфейс "M_MNPLAN::iCalcFldSys" - не освобождено ссылок: 2
Интерфейс "M_MNPLAN::iCalcMnPlan" - не освобождено ссылок: 1
Интерфейс "M_MNPLAN::iCmnKPN" - не освобождено ссылок: 1
Интерфейс "M_MNPLAN::iDocumEdit" - не освобождено ссылок: 1
Интерфейс "M_MNPLAN::iFindND_CF" - не освобождено ссылок: 4
Интерфейс "M_MNPLAN::iFltrMnPlan" - не освобождено ссылок: 3
Интерфейс "M_MNPLAN::iFuncDateTime" - не освобождено ссылок: 3
Интерфейс "M_MNPLAN::iGLinkedName_CF" - не освобождено ссылок: 1
Интерфейс "M_MnPlan::iInterfSys_505" - не освобождено ссылок: 1
Интерфейс "M_MNPLAN::iKAU_CF" - не освобождено ссылок: 1
Интерфейс "M_MNPLAN::iKPN_CMN" - не освобождено ссылок: 1
Интерфейс "M_MNPLAN::iListAn" - не освобождено ссылок: 1
Интерфейс "M_MNPLAN::iMNFRegDoc" - не освобождено ссылок: 2
Интерфейс "M_MNPLAN::iMNFRegHistory" - не освобождено ссылок: 3
Интерфейс "M_MNPLAN::iMNFRegPos" - не освобождено ссылок: 1
Интерфейс "M_MNPLAN::iMNFRegRsvOper" - не освобождено ссылок: 1
Интерфейс "M_MNPLAN::iMnPlanEdit" - не освобождено ссылок: 1
Интерфейс "M_MNPLAN::insTblSource" - не освобождено ссылок: 2
Интерфейс "M_MNPLAN::iParamEdit" - не освобождено ссылок: 1
Интерфейс "M_MNPLAN::iParamEdit1" - не освобождено ссылок: 2
Интерфейс "M_MNPLAN::iParamEdit2" - не освобождено ссылок: 1
Интерфейс "M_MNPLAN::iParamEdit3" - не освобождено ссылок: 3
Интерфейс "M_MNPLAN::iParamLink" - не освобождено ссылок: 5
Интерфейс "M_MNPLAN::iProtPlan_CF" - не освобождено ссылок: 3
Интерфейс "M_MNPLAN::iRARSDisp" - не освобождено ссылок: 1
Интерфейс "M_MNPLAN::iReglDocSp" - не освобождено ссылок: 1
Интерфейс "M_MNPLAN::irMnPlan" - не освобождено ссылок: 1
Интерфейс "M_MNPLAN::irSpMnPlan" - не освобождено ссылок: 1
Интерфейс "M_MNPLAN::iRunAlgPlan" - не освобождено ссылок: 2
Интерфейс "M_MNPLAN::iSetGetParam" - не освобождено ссылок: 1
Интерфейс "M_MnPlan::ispsppl01" - не освобождено ссылок: 1
Интерфейс "M_MNPLAN::iSteckAn" - не освобождено ссылок: 7
Интерфейс "M_MNPLAN::iTypeObj" - не освобождено ссылок: 1
Интерфейс "M_MNPLAN::iUse_sFilters" - не освобождено ссылок: 2
Интерфейс "M_MNPLAN::iVidBrows" - не освобождено ссылок: 1
Интерфейс "M_MNPLAN::iVidScr1" - не освобождено ссылок: 1
Интерфейс "M_MNPLAN::loadMnPlan" - не освобождено ссылок: 1
Интерфейс "M_MNPLAN::MnPlDisp" - не освобождено ссылок: 1
Интерфейс "M_MNPLAN::oInsertAllVtHor" - не освобождено ссылок: 1
Интерфейс "M_MnPlan::oNastrVid" - не освобождено ссылок: 1
Интерфейс "M_MNPLAN::RsvOperObj" - не освобождено ссылок: 1
Интерфейс "M_MNPLAN::RsvRegObj" - не освобождено ссылок: 1
Интерфейс "M_MNPLAN::SetGetVidSource" - не освобождено ссылок: 1
Интерфейс "M_MNPLAN::SpecFltrIntrf" - не освобождено ссылок: 3
Интерфейс "M_MNPLAN::Steck" - не освобождено ссылок: 2
Интерфейс "M_MNPLAN::SteckString" - не освобождено ссылок: 4
Интерфейс "M_MnPlan::SteckTStrAndNum" - не освобождено ссылок: 21
Интерфейс "M_MnPlan::Util_FpPeriodSource" - не освобождено ссылок: 1
Интерфейс "M_MNPLAN::Util_PerSource" - не освобождено ссылок: 1
Интерфейс "M_MNPLAN::Util_Service" - не освобождено ссылок: 2
Интерфейс "M_MNPLAN::WorkWithKAU" - не освобождено ссылок: 2
Интерфейс "M_SCRIPTS::iJSWork" - не освобождено ссылок: 2
Интерфейс "M_TPP::iGetVal" - не освобождено ссылок: 3
Интерфейс "M_TPP::iHistXC" - не освобождено ссылок: 3
Интерфейс "M_TPP::iParSrv" - не освобождено ссылок: 3
Интерфейс "M_TPP::iPotrEx" - не освобождено ссылок: 1
Интерфейс "M_TPP::iPotrMS" - не освобождено ссылок: 1
Интерфейс "M_TPP::iPotrPS" - не освобождено ссылок: 1
Интерфейс "M_TPP::iPotrTM" - не освобождено ссылок: 2
Интерфейс "AGAT::iEditRKMParts" - не освобождено ссылок: 1
Интерфейс "F_AN::oKatKAUEdit" - не освобождено ссылок: 1
Интерфейс "F_BUHREP::PickBuh" - не освобождено ссылок: 1
Интерфейс "F_GETAN::GetKau" - не освобождено ссылок: 2
Интерфейс "F_OFP::iOfpDocsNastr" - не освобождено ссылок: 1
Интерфейс "F_OFP::iOfpOut_Eval_01" - не освобождено ссылок: 1
Интерфейс "F_SOPRHOZ::SHManager" - не освобождено ссылок: 3
Интерфейс "F_TXO::TxoBinder" - не освобождено ссылок: 1
Интерфейс "M_MNPLAN::Account_PL" - не освобождено ссылок: 3
Интерфейс "M_MNPLAN::CommonFunAlg" - не освобождено ссылок: 6
Интерфейс "M_MNPLAN::DecodeFun" - не освобождено ссылок: 1
Интерфейс "M_MNPLAN::DocConformity_Base" - не освобождено ссылок: 1
Интерфейс "M_MNPLAN::DocMemo" - не освобождено ссылок: 1
Интерфейс "M_MNPLAN::DocSpecFltr" - не освобождено ссылок: 1
Интерфейс "M_MNPLAN::EDParam_01" - не освобождено ссылок: 1
Интерфейс "M_MNPLAN::EnvironmentVip" - не освобождено ссылок: 1
Интерфейс "M_MnPlan::GetCfgParams" - не освобождено ссылок: 1
Интерфейс "M_MNPLAN::GetNastr" - не освобождено ссылок: 7
Интерфейс "M_MNPLAN::GetNKau" - не освобождено ссылок: 1
Интерфейс "M_MNPLAN::GlobDataSource" - не освобождено ссылок: 2
Интерфейс "M_MnPlan::iAlgFldSys_15" - не освобождено ссылок: 1
Интерфейс "M_MnPlan::iAlgFldSys_29" - не освобождено ссылок: 1
Интерфейс "M_MNPLAN::iCalcFldPlan" - не освобождено ссылок: 2
Интерфейс "M_MNPLAN::iCalcFldSys" - не освобождено ссылок: 2
Интерфейс "M_MNPLAN::iCalcMnPlan" - не освобождено ссылок: 1
Интерфейс "M_MNPLAN::iCmnKPN" - не освобождено ссылок: 1
Интерфейс "M_MNPLAN::iDocumEdit" - не освобождено ссылок: 1
Интерфейс "M_MNPLAN::iFindND_CF" - не освобождено ссылок: 4
Интерфейс "M_MNPLAN::iFltrMnPlan" - не освобождено ссылок: 3
Интерфейс "M_MNPLAN::iFuncDateTime" - не освобождено ссылок: 3
Интерфейс "M_MNPLAN::iGLinkedName_CF" - не освобождено ссылок: 1
Интерфейс "M_MnPlan::iInterfSys_505" - не освобождено ссылок: 1
Интерфейс "M_MNPLAN::iKAU_CF" - не освобождено ссылок: 1
Интерфейс "M_MNPLAN::iKPN_CMN" - не освобождено ссылок: 1
Интерфейс "M_MNPLAN::iListAn" - не освобождено ссылок: 1
Интерфейс "M_MNPLAN::iMNFRegDoc" - не освобождено ссылок: 2
Интерфейс "M_MNPLAN::iMNFRegHistory" - не освобождено ссылок: 3
Интерфейс "M_MNPLAN::iMNFRegPos" - не освобождено ссылок: 1
Интерфейс "M_MNPLAN::iMNFRegRsvOper" - не освобождено ссылок: 1
Интерфейс "M_MNPLAN::iMnPlanEdit" - не освобождено ссылок: 1
Интерфейс "M_MNPLAN::insTblSource" - не освобождено ссылок: 2
Интерфейс "M_MNPLAN::iParamEdit" - не освобождено ссылок: 1
Интерфейс "M_MNPLAN::iParamEdit1" - не освобождено ссылок: 2
Интерфейс "M_MNPLAN::iParamEdit2" - не освобождено ссылок: 1
Интерфейс "M_MNPLAN::iParamEdit3" - не освобождено ссылок: 3
Интерфейс "M_MNPLAN::iParamLink" - не освобождено ссылок: 5
Интерфейс "M_MNPLAN::iProtPlan_CF" - не освобождено ссылок: 3
Интерфейс "M_MNPLAN::iRARSDisp" - не освобождено ссылок: 1
Интерфейс "M_MNPLAN::iReglDocSp" - не освобождено ссылок: 1
Интерфейс "M_MnPlan::iRegPS" - не освобождено ссылок: 1
Интерфейс "M_MNPLAN::irMnPlan" - не освобождено ссылок: 1
Интерфейс "M_MNPLAN::irSpMnPlan" - не освобождено ссылок: 1
Интерфейс "M_MNPLAN::iRunAlgPlan" - не освобождено ссылок: 2
Интерфейс "M_MNPLAN::iSetGetParam" - не освобождено ссылок: 1
Интерфейс "M_MnPlan::ispsppl01" - не освобождено ссылок: 1
Интерфейс "M_MNPLAN::iSteckAn" - не освобождено ссылок: 7
Интерфейс "M_MNPLAN::iTypeObj" - не освобождено ссылок: 1
Интерфейс "M_MNPLAN::iUse_sFilters" - не освобождено ссылок: 2
Интерфейс "M_MNPLAN::iVidBrows" - не освобождено ссылок: 1
Интерфейс "M_MNPLAN::iVidScr1" - не освобождено ссылок: 1
Интерфейс "M_MNPLAN::loadMnPlan" - не освобождено ссылок: 1
Интерфейс "M_MNPLAN::MnPlDisp" - не освобождено ссылок: 1
Интерфейс "M_MNPLAN::oInsertAllVtHor" - не освобождено ссылок: 1
Интерфейс "M_MnPlan::oNastrVid" - не освобождено ссылок: 1
Интерфейс "M_MNPLAN::RsvOperObj" - не освобождено ссылок: 1
Интерфейс "M_MNPLAN::RsvRegObj" - не освобождено ссылок: 1
Интерфейс "M_MNPLAN::SetGetVidSource" - не освобождено ссылок: 1
Интерфейс "M_MNPLAN::SpecFltrIntrf" - не освобождено ссылок: 3
Интерфейс "M_MNPLAN::Steck" - не освобождено ссылок: 2
Интерфейс "M_MNPLAN::SteckString" - не освобождено ссылок: 4
Интерфейс "M_MnPlan::SteckTStrAndNum" - не освобождено ссылок: 21
Интерфейс "M_MnPlan::Util_FpPeriodSource" - не освобождено ссылок: 1
Интерфейс "M_MNPLAN::Util_PerSource" - не освобождено ссылок: 1
Интерфейс "M_MNPLAN::Util_Service" - не освобождено ссылок: 2
Интерфейс "M_MNPLAN::WorkWithKAU" - не освобождено ссылок: 2
Интерфейс "M_SCRIPTS::iJSWork" - не освобождено ссылок: 2
Интерфейс "M_TPP::iGetVal" - не освобождено ссылок: 3
Интерфейс "M_TPP::iHistXC" - не освобождено ссылок: 3
Интерфейс "M_TPP::iParSrv" - не освобождено ссылок: 3
Интерфейс "M_TPP::iPotrEx" - не освобождено ссылок: 1
Интерфейс "M_TPP::iPotrMS" - не освобождено ссылок: 1
Интерфейс "M_TPP::iPotrPS" - не освобождено ссылок: 1
Интерфейс "M_TPP::iPotrTM" - не освобождено ссылок: 2
Интерфейс "AGAT::iEditRKMParts" - не освобождено ссылок: 1
Интерфейс "F_GETAN::GetKau" - не освобождено ссылок: 2
Интерфейс "F_SOPRHOZ::SHManager" - не освобождено ссылок: 3
Интерфейс "F_TXO::TxoBinder" - не освобождено ссылок: 1
Интерфейс "M_MNPLAN::Account_PL" - не освобождено ссылок: 2
Интерфейс "M_MNPLAN::CommonFunAlg" - не освобождено ссылок: 6
Интерфейс "M_MNPLAN::DecodeFun" - не освобождено ссылок: 1
Интерфейс "M_MNPLAN::DocConformity_Base" - не освобождено ссылок: 1
Интерфейс "M_MNPLAN::DocMemo" - не освобождено ссылок: 1
Интерфейс "M_MNPLAN::DocSpecFltr" - не освобождено ссылок: 1
Интерфейс "M_MNPLAN::EDParam_01" - не освобождено ссылок: 1
Интерфейс "M_MNPLAN::EnvironmentVip" - не освобождено ссылок: 1
Интерфейс "M_MnPlan::GetCfgParams" - не освобождено ссылок: 1
Интерфейс "M_MNPLAN::GetNastr" - не освобождено ссылок: 7
Интерфейс "M_MNPLAN::GetNKau" - не освобождено ссылок: 1
Интерфейс "M_MNPLAN::GlobDataSource" - не освобождено ссылок: 2
Интерфейс "M_MnPlan::iAlgFldSys_15" - не освобождено ссылок: 1
Интерфейс "M_MnPlan::iAlgFldSys_29" - не освобождено ссылок: 1
Интерфейс "M_MNPLAN::iCalcFldPlan" - не освобождено ссылок: 2
Интерфейс "M_MNPLAN::iCalcFldSys" - не освобождено ссылок: 2
Интерфейс "M_MNPLAN::iCalcMnPlan" - не освобождено ссылок: 1
Интерфейс "M_MNPLAN::iCmnKPN" - не освобождено ссылок: 1
Интерфейс "M_MNPLAN::iDocumEdit" - не освобождено ссылок: 1
Интерфейс "M_MNPLAN::iFindND_CF" - не освобождено ссылок: 4
Интерфейс "M_MNPLAN::iFltrMnPlan" - не освобождено ссылок: 3
Интерфейс "M_MNPLAN::iFuncDateTime" - не освобождено ссылок: 3
Интерфейс "M_MNPLAN::iGLinkedName_CF" - не освобождено ссылок: 1
Интерфейс "M_MnPlan::iInterfSys_505" - не освобождено ссылок: 1
Интерфейс "M_MNPLAN::iKAU_CF" - не освобождено ссылок: 1
Интерфейс "M_MNPLAN::iKPN_CMN" - не освобождено ссылок: 1
Интерфейс "M_MNPLAN::iListAn" - не освобождено ссылок: 1
Интерфейс "M_MNPLAN::iMNFRegDoc" - не освобождено ссылок: 2
Интерфейс "M_MNPLAN::iMNFRegHistory" - не освобождено ссылок: 3
Интерфейс "M_MNPLAN::iMNFRegPos" - не освобождено ссылок: 1
Интерфейс "M_MNPLAN::iMNFRegRsvOper" - не освобождено ссылок: 1
Интерфейс "M_MNPLAN::iMnPlanEdit" - не освобождено ссылок: 1
Интерфейс "M_MNPLAN::insTblSource" - не освобождено ссылок: 2
Интерфейс "M_MNPLAN::iParamEdit" - не освобождено ссылок: 1
Интерфейс "M_MNPLAN::iParamEdit1" - не освобождено ссылок: 2
Интерфейс "M_MNPLAN::iParamEdit2" - не освобождено ссылок: 1
Интерфейс "M_MNPLAN::iParamEdit3" - не освобождено ссылок: 3
Интерфейс "M_MNPLAN::iParamLink" - не освобождено ссылок: 5
Интерфейс "M_MNPLAN::iProtPlan_CF" - не освобождено ссылок: 3
Интерфейс "M_MNPLAN::iRARSDisp" - не освобождено ссылок: 1
Интерфейс "M_MNPLAN::iReglDocSp" - не освобождено ссылок: 1
Интерфейс "M_MNPLAN::irMnPlan" - не освобождено ссылок: 1
Интерфейс "M_MNPLAN::irSpMnPlan" - не освобождено ссылок: 1
Интерфейс "M_MNPLAN::iRunAlgPlan" - не освобождено ссылок: 2
Интерфейс "M_MNPLAN::iSetGetParam" - не освобождено ссылок: 1
Интерфейс "M_MnPlan::ispsppl01" - не освобождено ссылок: 1
Интерфейс "M_MNPLAN::iSteckAn" - не освобождено ссылок: 7
Интерфейс "M_MNPLAN::iTypeObj" - не освобождено ссылок: 1
Интерфейс "M_MNPLAN::iUse_sFilters" - не освобождено ссылок: 2
Интерфейс "M_MNPLAN::iVidBrows" - не освобождено ссылок: 1
Интерфейс "M_MNPLAN::iVidScr1" - не освобождено ссылок: 1
Интерфейс "M_MNPLAN::loadMnPlan" - не освобождено ссылок: 1
Интерфейс "M_MNPLAN::MnPlDisp" - не освобождено ссылок: 1
Интерфейс "M_MNPLAN::oInsertAllVtHor" - не освобождено ссылок: 1
Интерфейс "M_MnPlan::oNastrVid" - не освобождено ссылок: 1
Интерфейс "M_MNPLAN::RsvOperObj" - не освобождено ссылок: 1
Интерфейс "M_MNPLAN::RsvRegObj" - не освобождено ссылок: 1
Интерфейс "M_MNPLAN::SetGetVidSource" - не освобождено ссылок: 1
Интерфейс "M_MNPLAN::SpecFltrIntrf" - не освобождено ссылок: 3
Интерфейс "M_MNPLAN::Steck" - не освобождено ссылок: 2
Интерфейс "M_MNPLAN::SteckString" - не освобождено ссылок: 4
Интерфейс "M_MnPlan::SteckTStrAndNum" - не освобождено ссылок: 21
Интерфейс "M_MnPlan::Util_FpPeriodSource" - не освобождено ссылок: 1
Интерфейс "M_MNPLAN::Util_PerSource" - не освобождено ссылок: 1
Интерфейс "M_MNPLAN::Util_Service" - не освобождено ссылок: 2
Интерфейс "M_MNPLAN::WorkWithKAU" - не освобождено ссылок: 2
Интерфейс "M_SCRIPTS::iJSWork" - не освобождено ссылок: 2
Интерфейс "M_TPP::iGetVal" - не освобождено ссылок: 3
Интерфейс "M_TPP::iHistXC" - не освобождено ссылок: 3
Интерфейс "M_TPP::iParSrv" - не освобождено ссылок: 3
Интерфейс "M_TPP::iPotrEx" - не освобождено ссылок: 1
Интерфейс "M_TPP::iPotrMS" - не освобождено ссылок: 1
Интерфейс "M_TPP::iPotrPS" - не освобождено ссылок: 1
Интерфейс "M_TPP::iPotrTM" - не освобождено ссылок: 2
Интерфейс "F_GETAN::GetKau" - не освобождено ссылок: 2
Интерфейс "F_SOPRHOZ::SHManager" - не освобождено ссылок: 2
Интерфейс "F_TXO::TxoBinder" - не освобождено ссылок: 1
Интерфейс "M_MNPLAN::Account_PL" - не освобождено ссылок: 2
Интерфейс "M_MNPLAN::CommonFunAlg" - не освобождено ссылок: 6
Интерфейс "M_MNPLAN::DecodeFun" - не освобождено ссылок: 1
Интерфейс "M_MNPLAN::DocConformity_Base" - не освобождено ссылок: 1
Интерфейс "M_MNPLAN::DocMemo" - не освобождено ссылок: 1
Интерфейс "M_MNPLAN::DocSpecFltr" - не освобождено ссылок: 1
Интерфейс "M_MNPLAN::EDParam_01" - не освобождено ссылок: 1
Интерфейс "M_MNPLAN::EnvironmentVip" - не освобождено ссылок: 1
Интерфейс "M_MnPlan::GetCfgParams" - не освобождено ссылок: 1
Интерфейс "M_MNPLAN::GetNastr" - не освобождено ссылок: 6
Интерфейс "M_MNPLAN::GetNKau" - не освобождено ссылок: 1
Интерфейс "M_MNPLAN::GlobDataSource" - не освобождено ссылок: 2
Интерфейс "M_MNPLAN::iCalcFldPlan" - не освобождено ссылок: 2
Интерфейс "M_MNPLAN::iCalcFldSys" - не освобождено ссылок: 2
Интерфейс "M_MNPLAN::iCalcMnPlan" - не освобождено ссылок: 1
Интерфейс "M_MNPLAN::iCmnKPN" - не освобождено ссылок: 1
Интерфейс "M_MNPLAN::iDocumEdit" - не освобождено ссылок: 1
Интерфейс "M_MNPLAN::iFindND_CF" - не освобождено ссылок: 4
Интерфейс "M_MNPLAN::iFltrMnPlan" - не освобождено ссылок: 3
Интерфейс "M_MNPLAN::iFuncDateTime" - не освобождено ссылок: 3
Интерфейс "M_MNPLAN::iGLinkedName_CF" - не освобождено ссылок: 1
Интерфейс "M_MNPLAN::iKAU_CF" - не освобождено ссылок: 1
Интерфейс "M_MNPLAN::iKPN_CMN" - не освобождено ссылок: 1
Интерфейс "M_MNPLAN::iListAn" - не освобождено ссылок: 1
Интерфейс "M_MNPLAN::iMNFRegDoc" - не освобождено ссылок: 2
Интерфейс "M_MNPLAN::iMNFRegHistory" - не освобождено ссылок: 3
Интерфейс "M_MNPLAN::iMNFRegPos" - не освобождено ссылок: 1
Интерфейс "M_MNPLAN::iMNFRegRsvOper" - не освобождено ссылок: 1
Интерфейс "M_MNPLAN::iMnPlanEdit" - не освобождено ссылок: 1
Интерфейс "M_MNPLAN::insTblSource" - не освобождено ссылок: 1
Интерфейс "M_MNPLAN::iParamEdit" - не освобождено ссылок: 1
Интерфейс "M_MNPLAN::iParamEdit1" - не освобождено ссылок: 2
Интерфейс "M_MNPLAN::iParamEdit2" - не освобождено ссылок: 1
Интерфейс "M_MNPLAN::iParamEdit3" - не освобождено ссылок: 3
Интерфейс "M_MNPLAN::iParamLink" - не освобождено ссылок: 5
Интерфейс "M_MNPLAN::iProtPlan_CF" - не освобождено ссылок: 3
Интерфейс "M_MNPLAN::iRARSDisp" - не освобождено ссылок: 1
Интерфейс "M_MNPLAN::iReglDocSp" - не освобождено ссылок: 1
Интерфейс "M_MNPLAN::irMnPlan" - не освобождено ссылок: 1
Интерфейс "M_MNPLAN::irSpMnPlan" - не освобождено ссылок: 1
Интерфейс "M_MNPLAN::iRunAlgPlan" - не освобождено ссылок: 2
Интерфейс "M_MNPLAN::iSetGetParam" - не освобождено ссылок: 1
Интерфейс "M_MnPlan::ispsppl01" - не освобождено ссылок: 1
Интерфейс "M_MNPLAN::iSteckAn" - не освобождено ссылок: 7
Интерфейс "M_MNPLAN::iTypeObj" - не освобождено ссылок: 1
Интерфейс "M_MNPLAN::iUse_sFilters" - не освобождено ссылок: 2
Интерфейс "M_MNPLAN::iVidBrows" - не освобождено ссылок: 1
Интерфейс "M_MNPLAN::iVidScr1" - не освобождено ссылок: 1
Интерфейс "M_MNPLAN::loadMnPlan" - не освобождено ссылок: 1
Интерфейс "M_MNPLAN::MnPlDisp" - не освобождено ссылок: 1
Интерфейс "M_MNPLAN::oInsertAllVtHor" - не освобождено ссылок: 1
Интерфейс "M_MnPlan::oNastrVid" - не освобождено ссылок: 1
Интерфейс "M_MNPLAN::RsvOperObj" - не освобождено ссылок: 1
Интерфейс "M_MNPLAN::RsvRegObj" - не освобождено ссылок: 1
Интерфейс "M_MNPLAN::SetGetVidSource" - не освобождено ссылок: 1
Интерфейс "M_MNPLAN::SpecFltrIntrf" - не освобождено ссылок: 3
Интерфейс "M_MNPLAN::Steck" - не освобождено ссылок: 2
Интерфейс "M_MNPLAN::SteckString" - не освобождено ссылок: 4
Интерфейс "M_MnPlan::SteckTStrAndNum" - не освобождено ссылок: 18
Интерфейс "M_MNPLAN::Util_PerSource" - не освобождено ссылок: 1
Интерфейс "M_MNPLAN::Util_ProductOrder" - не освобождено ссылок: 1
Интерфейс "M_MnPlan::Util_ProductPlan" - не освобождено ссылок: 1
Интерфейс "M_MNPLAN::Util_Service" - не освобождено ссылок: 2
Интерфейс "M_MNPLAN::WorkWithKAU" - не освобождено ссылок: 1
Интерфейс "M_SCRIPTS::iJSWork" - не освобождено ссылок: 2
Интерфейс "M_TPP::iGetVal" - не освобождено ссылок: 3
Интерфейс "M_TPP::iHistXC" - не освобождено ссылок: 3
Интерфейс "M_TPP::iParSrv" - не освобождено ссылок: 3
Интерфейс "M_TPP::iPotrEx" - не освобождено ссылок: 1
Интерфейс "M_TPP::iPotrMS" - не освобождено ссылок: 1
Интерфейс "M_TPP::iPotrPS" - не освобождено ссылок: 1
Интерфейс "M_TPP::iPotrTM" - не освобождено ссылок: 2
Интерфейс "F_GETAN::GetKau" - не освобождено ссылок: 2
Интерфейс "F_SOPRHOZ::SHManager" - не освобождено ссылок: 2
Интерфейс "F_TXO::TxoBinder" - не освобождено ссылок: 1
Интерфейс "M_MNPLAN::Account_PL" - не освобождено ссылок: 2
Интерфейс "M_MNPLAN::CommonFunAlg" - не освобождено ссылок: 6
Интерфейс "M_MNPLAN::DecodeFun" - не освобождено ссылок: 1
Интерфейс "M_MNPLAN::DocConformity_Base" - не освобождено ссылок: 1
Интерфейс "M_MNPLAN::DocMemo" - не освобождено ссылок: 1
Интерфейс "M_MNPLAN::DocSpecFltr" - не освобождено ссылок: 1
Интерфейс "M_MNPLAN::EDParam_01" - не освобождено ссылок: 1
Интерфейс "M_MNPLAN::EnvironmentVip" - не освобождено ссылок: 1
Интерфейс "M_MnPlan::GetCfgParams" - не освобождено ссылок: 1
Интерфейс "M_MNPLAN::GetNastr" - не освобождено ссылок: 6
Интерфейс "M_MNPLAN::GetNKau" - не освобождено ссылок: 1
Интерфейс "M_MNPLAN::GlobDataSource" - не освобождено ссылок: 2
Интерфейс "M_MNPLAN::iCalcFldPlan" - не освобождено ссылок: 2
Интерфейс "M_MNPLAN::iCalcFldSys" - не освобождено ссылок: 2
Интерфейс "M_MNPLAN::iCalcMnPlan" - не освобождено ссылок: 1
Интерфейс "M_MNPLAN::iCmnKPN" - не освобождено ссылок: 1
Интерфейс "M_MNPLAN::iDocumEdit" - не освобождено ссылок: 1
Интерфейс "M_MNPLAN::iFindND_CF" - не освобождено ссылок: 4
Интерфейс "M_MNPLAN::iFltrMnPlan" - не освобождено ссылок: 3
Интерфейс "M_MNPLAN::iFuncDateTime" - не освобождено ссылок: 3
Интерфейс "M_MNPLAN::iGLinkedName_CF" - не освобождено ссылок: 1
Интерфейс "M_MNPLAN::iKAU_CF" - не освобождено ссылок: 1
Интерфейс "M_MNPLAN::iKPN_CMN" - не освобождено ссылок: 1
Интерфейс "M_MNPLAN::iListAn" - не освобождено ссылок: 1
Интерфейс "M_MNPLAN::iMNFRegDoc" - не освобождено ссылок: 2
Интерфейс "M_MNPLAN::iMNFRegHistory" - не освобождено ссылок: 3
Интерфейс "M_MNPLAN::iMNFRegPos" - не освобождено ссылок: 1
Интерфейс "M_MNPLAN::iMNFRegRsvOper" - не освобождено ссылок: 1
Интерфейс "M_MNPLAN::iMnPlanEdit" - не освобождено ссылок: 1
Интерфейс "M_MNPLAN::insTblSource" - не освобождено ссылок: 1
Интерфейс "M_MNPLAN::iParamEdit" - не освобождено ссылок: 1
Интерфейс "M_MNPLAN::iParamEdit1" - не освобождено ссылок: 2
Интерфейс "M_MNPLAN::iParamEdit2" - не освобождено ссылок: 1
Интерфейс "M_MNPLAN::iParamEdit3" - не освобождено ссылок: 3
Интерфейс "M_MNPLAN::iParamLink" - не освобождено ссылок: 5
Интерфейс "M_MNPLAN::iProtPlan_CF" - не освобождено ссылок: 3
Интерфейс "M_MNPLAN::iRARSDisp" - не освобождено ссылок: 1
Интерфейс "M_MNPLAN::iReglDocSp" - не освобождено ссылок: 1
Интерфейс "M_MNPLAN::irMnPlan" - не освобождено ссылок: 1
Интерфейс "M_MNPLAN::irSpMnPlan" - не освобождено ссылок: 1
Интерфейс "M_MNPLAN::iRunAlgPlan" - не освобождено ссылок: 2
Интерфейс "M_MNPLAN::iSetGetParam" - не освобождено ссылок: 1
Интерфейс "M_MnPlan::ispsppl01" - не освобождено ссылок: 1
Интерфейс "M_MNPLAN::iSteckAn" - не освобождено ссылок: 7
Интерфейс "M_MNPLAN::iTypeObj" - не освобождено ссылок: 1
Интерфейс "M_MNPLAN::iUse_sFilters" - не освобождено ссылок: 2
Интерфейс "M_MNPLAN::iVidBrows" - не освобождено ссылок: 1
Интерфейс "M_MNPLAN::iVidScr1" - не освобождено ссылок: 1
Интерфейс "M_MNPLAN::loadMnPlan" - не освобождено ссылок: 1
Интерфейс "M_MNPLAN::MnPlDisp" - не освобождено ссылок: 1
Интерфейс "M_MNPLAN::oInsertAllVtHor" - не освобождено ссылок: 1
Интерфейс "M_MnPlan::oNastrVid" - не освобождено ссылок: 1
Интерфейс "M_MNPLAN::RsvOperObj" - не освобождено ссылок: 1
Интерфейс "M_MNPLAN::RsvRegObj" - не освобождено ссылок: 1
Интерфейс "M_MNPLAN::SetGetVidSource" - не освобождено ссылок: 1
Интерфейс "M_MNPLAN::SpecFltrIntrf" - не освобождено ссылок: 3
Интерфейс "M_MNPLAN::Steck" - не освобождено ссылок: 2
Интерфейс "M_MNPLAN::SteckString" - не освобождено ссылок: 4
Интерфейс "M_MnPlan::SteckTStrAndNum" - не освобождено ссылок: 18
Интерфейс "M_MNPLAN::Util_PerSource" - не освобождено ссылок: 1
Интерфейс "M_MNPLAN::Util_ProductOrder" - не освобождено ссылок: 1
Интерфейс "M_MnPlan::Util_ProductPlan" - не освобождено ссылок: 1
Интерфейс "M_MNPLAN::Util_Service" - не освобождено ссылок: 2
Интерфейс "M_MNPLAN::WorkWithKAU" - не освобождено ссылок: 1
Интерфейс "M_SCRIPTS::iJSWork" - не освобождено ссылок: 2
Интерфейс "M_TPP::iGetVal" - не освобождено ссылок: 3
Интерфейс "M_TPP::iHistXC" - не освобождено ссылок: 3
Интерфейс "M_TPP::iParSrv" - не освобождено ссылок: 3
Интерфейс "M_TPP::iPotrEx" - не освобождено ссылок: 1
Интерфейс "M_TPP::iPotrMS" - не освобождено ссылок: 1
Интерфейс "M_TPP::iPotrPS" - не освобождено ссылок: 1
Интерфейс "M_TPP::iPotrTM" - не освобождено ссылок: 2
Интерфейс "AGAT::iEditRKMParts" - не освобождено ссылок: 1
Интерфейс "C_EXTCLASS::iExtAttr" - не освобождено ссылок: 1
Интерфейс "C_EXTCLASS::iExtClass" - не освобождено ссылок: 1
Интерфейс "F_AN::oKatKAUEdit" - не освобождено ссылок: 1
Интерфейс "F_BUHREP::PickBuh" - не освобождено ссылок: 1
Интерфейс "F_COMMON::Permission" - не освобождено ссылок: 1
Интерфейс "F_EXTAN::EditKauReff" - не освобождено ссылок: 2
Интерфейс "F_EXTAN::ShablonKau" - не освобождено ссылок: 1
Интерфейс "F_FPOBOROT::ObjFpOborot" - не освобождено ссылок: 1
Интерфейс "F_FPOBOROT::vExtFpDateOborot" - не освобождено ссылок: 1
Интерфейс "F_FPOBOROT::vExtFpOborotSoprHoz" - не освобождено ссылок: 1
Интерфейс "F_GETAN::GetKau" - не освобождено ссылок: 2
Интерфейс "F_OFP::iOfpDocsNastr" - не освобождено ссылок: 1
Интерфейс "F_OFP::iOfpOut_Eval_01" - не освобождено ссылок: 1
Интерфейс "F_PLANSSCH::PSManager" - не освобождено ссылок: 1
Интерфейс "F_SOPRHOZ::ChkSoprHoz" - не освобождено ссылок: 1
Интерфейс "F_SOPRHOZ::SHManager" - не освобождено ссылок: 3
Интерфейс "F_TXO::TxoBinder" - не освобождено ссылок: 1
Интерфейс "F_TXO::TxoUserUnbinder" - не освобождено ссылок: 1
Интерфейс "L_COMMON::vipStatLog" - не освобождено ссылок: 1
Интерфейс "Marker" - не освобождено ссылок: 2
Интерфейс "M_MNPLAN::Account_PL" - не освобождено ссылок: 3
Интерфейс "M_MNPLAN::CommonFunAlg" - не освобождено ссылок: 6
Интерфейс "M_MNPLAN::DecodeFun" - не освобождено ссылок: 1
Интерфейс "M_MNPLAN::DocConformity_Base" - не освобождено ссылок: 1
Интерфейс "M_MNPLAN::DocMemo" - не освобождено ссылок: 1
Интерфейс "M_MNPLAN::DocSpecFltr" - не освобождено ссылок: 1
Интерфейс "M_MNPLAN::EDParam_01" - не освобождено ссылок: 1
Интерфейс "M_MNPLAN::EnvironmentVip" - не освобождено ссылок: 1
Интерфейс "M_MnPlan::GetCfgParams" - не освобождено ссылок: 1
Интерфейс "M_MNPLAN::GetNastr" - не освобождено ссылок: 7
Интерфейс "M_MNPLAN::GetNKau" - не освобождено ссылок: 1
Интерфейс "M_MNPLAN::GlobDataSource" - не освобождено ссылок: 2
Интерфейс "M_MnPlan::iAlgFldSys_15" - не освобождено ссылок: 1
Интерфейс "M_MnPlan::iAlgFldSys_29" - не освобождено ссылок: 1
Интерфейс "M_MNPLAN::iCalcFldPlan" - не освобождено ссылок: 2
Интерфейс "M_MNPLAN::iCalcFldSys" - не освобождено ссылок: 2
Интерфейс "M_MNPLAN::iCalcMnPlan" - не освобождено ссылок: 1
Интерфейс "M_MNPLAN::iCmnKPN" - не освобождено ссылок: 1
Интерфейс "M_MNPLAN::iDocumEdit" - не освобождено ссылок: 1
Интерфейс "M_MNPLAN::iFindND_CF" - не освобождено ссылок: 4
Интерфейс "M_MNPLAN::iFltrMnPlan" - не освобождено ссылок: 3
Интерфейс "M_MNPLAN::iFuncDateTime" - не освобождено ссылок: 3
Интерфейс "M_MNPLAN::iGLinkedName_CF" - не освобождено ссылок: 1
Интерфейс "M_MnPlan::iInterfSys_505" - не освобождено ссылок: 1
Интерфейс "M_MNPLAN::iKAU_CF" - не освобождено ссылок: 1
Интерфейс "M_MNPLAN::iKPN_CMN" - не освобождено ссылок: 1
Интерфейс "M_MNPLAN::iListAn" - не освобождено ссылок: 1
Интерфейс "M_MNPLAN::iMNFRegDoc" - не освобождено ссылок: 2
Интерфейс "M_MNPLAN::iMNFRegHistory" - не освобождено ссылок: 3
Интерфейс "M_MNPLAN::iMNFRegPos" - не освобождено ссылок: 1
Интерфейс "M_MNPLAN::iMNFRegRsvOper" - не освобождено ссылок: 1
Интерфейс "M_MNPLAN::iMnPlanEdit" - не освобождено ссылок: 1
Интерфейс "M_MNPLAN::insTblSource" - не освобождено ссылок: 2
Интерфейс "M_MNPLAN::iParamEdit" - не освобождено ссылок: 1
Интерфейс "M_MNPLAN::iParamEdit1" - не освобождено ссылок: 2
Интерфейс "M_MNPLAN::iParamEdit2" - не освобождено ссылок: 1
Интерфейс "M_MNPLAN::iParamEdit3" - не освобождено ссылок: 3
Интерфейс "M_MNPLAN::iParamLink" - не освобождено ссылок: 5
Интерфейс "M_MNPLAN::iProtPlan_CF" - не освобождено ссылок: 3
Интерфейс "M_MNPLAN::iRARSDisp" - не освобождено ссылок: 1
Интерфейс "M_MNPLAN::iReglDocSp" - не освобождено ссылок: 1
Интерфейс "M_MNPLAN::irMnPlan" - не освобождено ссылок: 1
Интерфейс "M_MNPLAN::irSpMnPlan" - не освобождено ссылок: 2
Интерфейс "M_MNPLAN::iRunAlgPlan" - не освобождено ссылок: 2
Интерфейс "M_MnPlan::iSetGetParam" - не освобождено ссылок: 1
Интерфейс "M_MnPlan::ispsppl01" - не освобождено ссылок: 1
Интерфейс "M_MNPLAN::iSteckAn" - не освобождено ссылок: 7
Интерфейс "M_MNPLAN::iTypeObj" - не освобождено ссылок: 1
Интерфейс "M_MNPLAN::iUse_sFilters" - не освобождено ссылок: 2
Интерфейс "M_MNPLAN::iVidBrows" - не освобождено ссылок: 1
Интерфейс "M_MNPLAN::iVidScr1" - не освобождено ссылок: 1
Интерфейс "M_MNPLAN::loadMnPlan" - не освобождено ссылок: 1
Интерфейс "M_MNPLAN::MnPlDisp" - не освобождено ссылок: 1
Интерфейс "M_MNPLAN::oInsertAllVtHor" - не освобождено ссылок: 1
Интерфейс "M_MnPlan::oNastrVid" - не освобождено ссылок: 1
Интерфейс "M_MNPLAN::RsvOperObj" - не освобождено ссылок: 1
Интерфейс "M_MNPLAN::RsvRegObj" - не освобождено ссылок: 1
Интерфейс "M_MNPLAN::SetGetVidSource" - не освобождено ссылок: 1
Интерфейс "M_MNPLAN::SpecFltrIntrf" - не освобождено ссылок: 3
Интерфейс "M_MNPLAN::Steck" - не освобождено ссылок: 2
Интерфейс "M_MNPLAN::SteckString" - не освобождено ссылок: 4
Интерфейс "M_MnPlan::SteckTStrAndNum" - не освобождено ссылок: 21
Интерфейс "M_MnPlan::Util_FpPeriodSource" - не освобождено ссылок: 1
Интерфейс "M_MNPLAN::Util_PerSource" - не освобождено ссылок: 1
Интерфейс "M_MNPLAN::Util_Service" - не освобождено ссылок: 2
Интерфейс "M_MNPLAN::WorkWithKAU" - не освобождено ссылок: 2
Интерфейс "M_SCRIPTS::iJSWork" - не освобождено ссылок: 2
Интерфейс "M_TPP::iGetVal" - не освобождено ссылок: 3
Интерфейс "M_TPP::iHistXC" - не освобождено ссылок: 3
Интерфейс "M_TPP::iParSrv" - не освобождено ссылок: 3
Интерфейс "M_TPP::iPotrEx" - не освобождено ссылок: 1
Интерфейс "M_TPP::iPotrMS" - не освобождено ссылок: 1
Интерфейс "M_TPP::iPotrPS" - не освобождено ссылок: 1
Интерфейс "M_TPP::iPotrTM" - не освобождено ссылок: 2
Интерфейс "F_GETAN::GetKau" - не освобождено ссылок: 2
Интерфейс "F_SOPRHOZ::SHManager" - не освобождено ссылок: 2
Интерфейс "F_TXO::TxoBinder" - не освобождено ссылок: 1
Интерфейс "M_MNPLAN::Account_PL" - не освобождено ссылок: 2
Интерфейс "M_MNPLAN::CommonFunAlg" - не освобождено ссылок: 6
Интерфейс "M_MNPLAN::DecodeFun" - не освобождено ссылок: 1
Интерфейс "M_MNPLAN::DocConformity_Base" - не освобождено ссылок: 1
Интерфейс "M_MNPLAN::DocMemo" - не освобождено ссылок: 1
Интерфейс "M_MNPLAN::DocSpecFltr" - не освобождено ссылок: 1
Интерфейс "M_MNPLAN::EDParam_01" - не освобождено ссылок: 1
Интерфейс "M_MNPLAN::EnvironmentVip" - не освобождено ссылок: 1
Интерфейс "M_MnPlan::GetCfgParams" - не освобождено ссылок: 1
Интерфейс "M_MNPLAN::GetNastr" - не освобождено ссылок: 6
Интерфейс "M_MNPLAN::GetNKau" - не освобождено ссылок: 1
Интерфейс "M_MNPLAN::GlobDataSource" - не освобождено ссылок: 2
Интерфейс "M_MNPLAN::iCalcFldPlan" - не освобождено ссылок: 2
Интерфейс "M_MNPLAN::iCalcFldSys" - не освобождено ссылок: 2
Интерфейс "M_MNPLAN::iCalcMnPlan" - не освобождено ссылок: 1
Интерфейс "M_MNPLAN::iCmnKPN" - не освобождено ссылок: 1
Интерфейс "M_MNPLAN::iDocumEdit" - не освобождено ссылок: 1
Интерфейс "M_MNPLAN::iFindND_CF" - не освобождено ссылок: 4
Интерфейс "M_MNPLAN::iFltrMnPlan" - не освобождено ссылок: 3
Интерфейс "M_MNPLAN::iFuncDateTime" - не освобождено ссылок: 3
Интерфейс "M_MNPLAN::iGLinkedName_CF" - не освобождено ссылок: 1
Интерфейс "M_MNPLAN::iKAU_CF" - не освобождено ссылок: 1
Интерфейс "M_MNPLAN::iKPN_CMN" - не освобождено ссылок: 1
Интерфейс "M_MNPLAN::iListAn" - не освобождено ссылок: 1
Интерфейс "M_MNPLAN::iMNFRegDoc" - не освобождено ссылок: 2
Интерфейс "M_MNPLAN::iMNFRegHistory" - не освобождено ссылок: 3
Интерфейс "M_MNPLAN::iMNFRegPos" - не освобождено ссылок: 1
Интерфейс "M_MNPLAN::iMNFRegRsvOper" - не освобождено ссылок: 1
Интерфейс "M_MNPLAN::iMnPlanEdit" - не освобождено ссылок: 1
Интерфейс "M_MNPLAN::insTblSource" - не освобождено ссылок: 1
Интерфейс "M_MNPLAN::iParamEdit" - не освобождено ссылок: 1
Интерфейс "M_MNPLAN::iParamEdit1" - не освобождено ссылок: 2
Интерфейс "M_MNPLAN::iParamEdit2" - не освобождено ссылок: 1
Интерфейс "M_MNPLAN::iParamEdit3" - не освобождено ссылок: 3
Интерфейс "M_MNPLAN::iParamLink" - не освобождено ссылок: 5
Интерфейс "M_MNPLAN::iProtPlan_CF" - не освобождено ссылок: 3
Интерфейс "M_MNPLAN::iRARSDisp" - не освобождено ссылок: 1
Интерфейс "M_MNPLAN::iReglDocSp" - не освобождено ссылок: 1
Интерфейс "M_MNPLAN::irMnPlan" - не освобождено ссылок: 1
Интерфейс "M_MNPLAN::irSpMnPlan" - не освобождено ссылок: 1
Интерфейс "M_MNPLAN::iRunAlgPlan" - не освобождено ссылок: 2
Интерфейс "M_MnPlan::iSetGetParam" - не освобождено ссылок: 1
Интерфейс "M_MnPlan::ispsppl01" - не освобождено ссылок: 1
Интерфейс "M_MNPLAN::iSteckAn" - не освобождено ссылок: 7
Интерфейс "M_MNPLAN::iTypeObj" - не освобождено ссылок: 1
Интерфейс "M_MNPLAN::iUse_sFilters" - не освобождено ссылок: 2
Интерфейс "M_MNPLAN::iVidBrows" - не освобождено ссылок: 1
Интерфейс "M_MNPLAN::iVidScr1" - не освобождено ссылок: 1
Интерфейс "M_MNPLAN::loadMnPlan" - не освобождено ссылок: 1
Интерфейс "M_MNPLAN::MnPlDisp" - не освобождено ссылок: 1
Интерфейс "M_MNPLAN::oInsertAllVtHor" - не освобождено ссылок: 1
Интерфейс "M_MnPlan::oNastrVid" - не освобождено ссылок: 1
Интерфейс "M_MNPLAN::RsvOperObj" - не освобождено ссылок: 1
Интерфейс "M_MNPLAN::RsvRegObj" - не освобождено ссылок: 1
Интерфейс "M_MNPLAN::SetGetVidSource" - не освобождено ссылок: 1
Интерфейс "M_MNPLAN::SpecFltrIntrf" - не освобождено ссылок: 3
Интерфейс "M_MNPLAN::Steck" - не освобождено ссылок: 2
Интерфейс "M_MNPLAN::SteckString" - не освобождено ссылок: 4
Интерфейс "M_MnPlan::SteckTStrAndNum" - не освобождено ссылок: 18
Интерфейс "M_MNPLAN::Util_PerSource" - не освобождено ссылок: 1
Интерфейс "M_MNPLAN::Util_ProductOrder" - не освобождено ссылок: 1
Интерфейс "M_MnPlan::Util_ProductPlan" - не освобождено ссылок: 1
Интерфейс "M_MNPLAN::Util_Service" - не освобождено ссылок: 2
Интерфейс "M_MNPLAN::WorkWithKAU" - не освобождено ссылок: 1
Интерфейс "M_SCRIPTS::iJSWork" - не освобождено ссылок: 2
Интерфейс "M_TPP::iGetVal" - не освобождено ссылок: 3
Интерфейс "M_TPP::iHistXC" - не освобождено ссылок: 3
Интерфейс "M_TPP::iParSrv" - не освобождено ссылок: 3
Интерфейс "M_TPP::iPotrEx" - не освобождено ссылок: 1
Интерфейс "M_TPP::iPotrMS" - не освобождено ссылок: 1
Интерфейс "M_TPP::iPotrPS" - не освобождено ссылок: 1
Интерфейс "M_TPP::iPotrTM" - не освобождено ссылок: 2
Интерфейс "F_GETAN::GetKau" - не освобождено ссылок: 2
Интерфейс "F_SOPRHOZ::SHManager" - не освобождено ссылок: 2
Интерфейс "F_TXO::TxoBinder" - не освобождено ссылок: 1
Интерфейс "M_MNPLAN::Account_PL" - не освобождено ссылок: 2
Интерфейс "M_MNPLAN::CommonFunAlg" - не освобождено ссылок: 6
Интерфейс "M_MNPLAN::DecodeFun" - не освобождено ссылок: 1
Интерфейс "M_MNPLAN::DocConformity_Base" - не освобождено ссылок: 1
Интерфейс "M_MNPLAN::DocMemo" - не освобождено ссылок: 1
Интерфейс "M_MNPLAN::DocSpecFltr" - не освобождено ссылок: 1
Интерфейс "M_MNPLAN::EDParam_01" - не освобождено ссылок: 1
Интерфейс "M_MNPLAN::EnvironmentVip" - не освобождено ссылок: 1
Интерфейс "M_MnPlan::GetCfgParams" - не освобождено ссылок: 1
Интерфейс "M_MNPLAN::GetNastr" - не освобождено ссылок: 6
Интерфейс "M_MNPLAN::GetNKau" - не освобождено ссылок: 1
Интерфейс "M_MNPLAN::GlobDataSource" - не освобождено ссылок: 2
Интерфейс "M_MNPLAN::iCalcFldPlan" - не освобождено ссылок: 2
Интерфейс "M_MNPLAN::iCalcFldSys" - не освобождено ссылок: 2
Интерфейс "M_MNPLAN::iCalcMnPlan" - не освобождено ссылок: 1
Интерфейс "M_MNPLAN::iCmnKPN" - не освобождено ссылок: 1
Интерфейс "M_MNPLAN::iDocumEdit" - не освобождено ссылок: 1
Интерфейс "M_MNPLAN::iFindND_CF" - не освобождено ссылок: 4
Интерфейс "M_MNPLAN::iFltrMnPlan" - не освобождено ссылок: 3
Интерфейс "M_MNPLAN::iFuncDateTime" - не освобождено ссылок: 3
Интерфейс "M_MNPLAN::iGLinkedName_CF" - не освобождено ссылок: 1
Интерфейс "M_MNPLAN::iKAU_CF" - не освобождено ссылок: 1
Интерфейс "M_MNPLAN::iKPN_CMN" - не освобождено ссылок: 1
Интерфейс "M_MNPLAN::iListAn" - не освобождено ссылок: 1
Интерфейс "M_MNPLAN::iMNFRegDoc" - не освобождено ссылок: 2
Интерфейс "M_MNPLAN::iMNFRegHistory" - не освобождено ссылок: 3
Интерфейс "M_MNPLAN::iMNFRegPos" - не освобождено ссылок: 1
Интерфейс "M_MNPLAN::iMNFRegRsvOper" - не освобождено ссылок: 1
Интерфейс "M_MNPLAN::iMnPlanEdit" - не освобождено ссылок: 1
Интерфейс "M_MNPLAN::insTblSource" - не освобождено ссылок: 1
Интерфейс "M_MNPLAN::iParamEdit" - не освобождено ссылок: 1
Интерфейс "M_MNPLAN::iParamEdit1" - не освобождено ссылок: 2
Интерфейс "M_MNPLAN::iParamEdit2" - не освобождено ссылок: 1
Интерфейс "M_MNPLAN::iParamEdit3" - не освобождено ссылок: 3
Интерфейс "M_MNPLAN::iParamLink" - не освобождено ссылок: 5
Интерфейс "M_MNPLAN::iProtPlan_CF" - не освобождено ссылок: 3
Интерфейс "M_MNPLAN::iRARSDisp" - не освобождено ссылок: 1
Интерфейс "M_MNPLAN::iReglDocSp" - не освобождено ссылок: 1
Интерфейс "M_MNPLAN::irMnPlan" - не освобождено ссылок: 1
Интерфейс "M_MNPLAN::irSpMnPlan" - не освобождено ссылок: 1
Интерфейс "M_MNPLAN::iRunAlgPlan" - не освобождено ссылок: 2
Интерфейс "M_MnPlan::iSetGetParam" - не освобождено ссылок: 1
Интерфейс "M_MnPlan::ispsppl01" - не освобождено ссылок: 1
Интерфейс "M_MNPLAN::iSteckAn" - не освобождено ссылок: 7
Интерфейс "M_MNPLAN::iTypeObj" - не освобождено ссылок: 1
Интерфейс "M_MNPLAN::iUse_sFilters" - не освобождено ссылок: 2
Интерфейс "M_MNPLAN::iVidBrows" - не освобождено ссылок: 1
Интерфейс "M_MNPLAN::iVidScr1" - не освобождено ссылок: 1
Интерфейс "M_MNPLAN::loadMnPlan" - не освобождено ссылок: 1
Интерфейс "M_MNPLAN::MnPlDisp" - не освобождено ссылок: 1
Интерфейс "M_MNPLAN::oInsertAllVtHor" - не освобождено ссылок: 1
Интерфейс "M_MnPlan::oNastrVid" - не освобождено ссылок: 1
Интерфейс "M_MNPLAN::RsvOperObj" - не освобождено ссылок: 1
Интерфейс "M_MNPLAN::RsvRegObj" - не освобождено ссылок: 1
Интерфейс "M_MNPLAN::SetGetVidSource" - не освобождено ссылок: 1
Интерфейс "M_MNPLAN::SpecFltrIntrf" - не освобождено ссылок: 3
Интерфейс "M_MNPLAN::Steck" - не освобождено ссылок: 2
Интерфейс "M_MNPLAN::SteckString" - не освобождено ссылок: 4
Интерфейс "M_MnPlan::SteckTStrAndNum" - не освобождено ссылок: 18
Интерфейс "M_MNPLAN::Util_PerSource" - не освобождено ссылок: 1
Интерфейс "M_MNPLAN::Util_ProductOrder" - не освобождено ссылок: 1
Интерфейс "M_MnPlan::Util_ProductPlan" - не освобождено ссылок: 1
Интерфейс "M_MNPLAN::Util_Service" - не освобождено ссылок: 2
Интерфейс "M_MNPLAN::WorkWithKAU" - не освобождено ссылок: 1
Интерфейс "M_SCRIPTS::iJSWork" - не освобождено ссылок: 2
Интерфейс "M_TPP::iGetVal" - не освобождено ссылок: 3
Интерфейс "M_TPP::iHistXC" - не освобождено ссылок: 3
Интерфейс "M_TPP::iParSrv" - не освобождено ссылок: 3
Интерфейс "M_TPP::iPotrEx" - не освобождено ссылок: 1
Интерфейс "M_TPP::iPotrMS" - не освобождено ссылок: 1
Интерфейс "M_TPP::iPotrPS" - не освобождено ссылок: 1
Интерфейс "M_TPP::iPotrTM" - не освобождено ссылок: 2
Интерфейс "F_GETAN::GetKau" - не освобождено ссылок: 2
Интерфейс "F_SOPRHOZ::SHManager" - не освобождено ссылок: 2
Интерфейс "F_TXO::TxoBinder" - не освобождено ссылок: 1
Интерфейс "M_MNPLAN::Account_PL" - не освобождено ссылок: 2
Интерфейс "M_MNPLAN::CommonFunAlg" - не освобождено ссылок: 6
Интерфейс "M_MNPLAN::DecodeFun" - не освобождено ссылок: 1
Интерфейс "M_MNPLAN::DocConformity_Base" - не освобождено ссылок: 1
Интерфейс "M_MNPLAN::DocMemo" - не освобождено ссылок: 1
Интерфейс "M_MNPLAN::DocSpecFltr" - не освобождено ссылок: 1
Интерфейс "M_MNPLAN::EDParam_01" - не освобождено ссылок: 1
Интерфейс "M_MNPLAN::EnvironmentVip" - не освобождено ссылок: 1
Интерфейс "M_MnPlan::GetCfgParams" - не освобождено ссылок: 1
Интерфейс "M_MNPLAN::GetNastr" - не освобождено ссылок: 6
Интерфейс "M_MNPLAN::GetNKau" - не освобождено ссылок: 1
Интерфейс "M_MNPLAN::GlobDataSource" - не освобождено ссылок: 2
Интерфейс "M_MNPLAN::iCalcFldPlan" - не освобождено ссылок: 2
Интерфейс "M_MNPLAN::iCalcFldSys" - не освобождено ссылок: 2
Интерфейс "M_MNPLAN::iCalcMnPlan" - не освобождено ссылок: 1
Интерфейс "M_MNPLAN::iCmnKPN" - не освобождено ссылок: 1
Интерфейс "M_MNPLAN::iDocumEdit" - не освобождено ссылок: 1
Интерфейс "M_MNPLAN::iFindND_CF" - не освобождено ссылок: 4
Интерфейс "M_MNPLAN::iFltrMnPlan" - не освобождено ссылок: 3
Интерфейс "M_MNPLAN::iFuncDateTime" - не освобождено ссылок: 3
Интерфейс "M_MNPLAN::iGLinkedName_CF" - не освобождено ссылок: 1
Интерфейс "M_MNPLAN::iKAU_CF" - не освобождено ссылок: 1
Интерфейс "M_MNPLAN::iKPN_CMN" - не освобождено ссылок: 1
Интерфейс "M_MNPLAN::iListAn" - не освобождено ссылок: 1
Интерфейс "M_MNPLAN::iMNFRegDoc" - не освобождено ссылок: 2
Интерфейс "M_MNPLAN::iMNFRegHistory" - не освобождено ссылок: 3
Интерфейс "M_MNPLAN::iMNFRegPos" - не освобождено ссылок: 1
Интерфейс "M_MNPLAN::iMNFRegRsvOper" - не освобождено ссылок: 1
Интерфейс "M_MNPLAN::iMnPlanEdit" - не освобождено ссылок: 1
Интерфейс "M_MNPLAN::insTblSource" - не освобождено ссылок: 1
Интерфейс "M_MNPLAN::iParamEdit" - не освобождено ссылок: 1
Интерфейс "M_MNPLAN::iParamEdit1" - не освобождено ссылок: 2
Интерфейс "M_MNPLAN::iParamEdit2" - не освобождено ссылок: 1
Интерфейс "M_MNPLAN::iParamEdit3" - не освобождено ссылок: 3
Интерфейс "M_MNPLAN::iParamLink" - не освобождено ссылок: 5
Интерфейс "M_MNPLAN::iProtPlan_CF" - не освобождено ссылок: 3
Интерфейс "M_MNPLAN::iRARSDisp" - не освобождено ссылок: 1
Интерфейс "M_MNPLAN::iReglDocSp" - не освобождено ссылок: 1
Интерфейс "M_MNPLAN::irMnPlan" - не освобождено ссылок: 1
Интерфейс "M_MNPLAN::irSpMnPlan" - не освобождено ссылок: 1
Интерфейс "M_MNPLAN::iRunAlgPlan" - не освобождено ссылок: 2
Интерфейс "M_MNPLAN::iSetGetParam" - не освобождено ссылок: 1
Интерфейс "M_MnPlan::ispsppl01" - не освобождено ссылок: 1
Интерфейс "M_MNPLAN::iSteckAn" - не освобождено ссылок: 7
Интерфейс "M_MNPLAN::iTypeObj" - не освобождено ссылок: 1
Интерфейс "M_MNPLAN::iUse_sFilters" - не освобождено ссылок: 2
Интерфейс "M_MNPLAN::iVidBrows" - не освобождено ссылок: 1
Интерфейс "M_MNPLAN::iVidScr1" - не освобождено ссылок: 1
Интерфейс "M_MNPLAN::loadMnPlan" - не освобождено ссылок: 1
Интерфейс "M_MNPLAN::MnPlDisp" - не освобождено ссылок: 1
Интерфейс "M_MNPLAN::oInsertAllVtHor" - не освобождено ссылок: 1
Интерфейс "M_MnPlan::oNastrVid" - не освобождено ссылок: 1
Интерфейс "M_MNPLAN::RsvOperObj" - не освобождено ссылок: 1
Интерфейс "M_MNPLAN::RsvRegObj" - не освобождено ссылок: 1
Интерфейс "M_MNPLAN::SetGetVidSource" - не освобождено ссылок: 1
Интерфейс "M_MNPLAN::SpecFltrIntrf" - не освобождено ссылок: 3
Интерфейс "M_MNPLAN::Steck" - не освобождено ссылок: 2
Интерфейс "M_MNPLAN::SteckString" - не освобождено ссылок: 4
Интерфейс "M_MnPlan::SteckTStrAndNum" - не освобождено ссылок: 18
Интерфейс "M_MNPLAN::Util_PerSource" - не освобождено ссылок: 1
Интерфейс "M_MNPLAN::Util_ProductOrder" - не освобождено ссылок: 1
Интерфейс "M_MnPlan::Util_ProductPlan" - не освобождено ссылок: 1
Интерфейс "M_MNPLAN::Util_Service" - не освобождено ссылок: 2
Интерфейс "M_MNPLAN::WorkWithKAU" - не освобождено ссылок: 1
Интерфейс "M_SCRIPTS::iJSWork" - не освобождено ссылок: 2
Интерфейс "M_TPP::iGetVal" - не освобождено ссылок: 3
Интерфейс "M_TPP::iHistXC" - не освобождено ссылок: 3
Интерфейс "M_TPP::iParSrv" - не освобождено ссылок: 3
Интерфейс "M_TPP::iPotrEx" - не освобождено ссылок: 1
Интерфейс "M_TPP::iPotrMS" - не освобождено ссылок: 1
Интерфейс "M_TPP::iPotrPS" - не освобождено ссылок: 1
Интерфейс "M_TPP::iPotrTM" - не освобождено ссылок: 2
